[debug] ----------------------------------------------------------------------
[debug] Command:      C:\Program Files\nodejs\node.exe C:\Users\ASUS\AppData\Roaming\npm\node_modules\firebase-tools\bin\firebase deploy
[debug] CLI Version:  3.5.0
[debug] Platform:     win32
[debug] Node Version: v6.9.1
[debug] Time:         Wed Mar 15 2017 02:51:35 GMT+0300 (Turkey Standard Time)
[debug] ----------------------------------------------------------------------
[debug] 
[debug] > command requires scopes: ["email","openid","https://www.googleapis.com/auth/cloudplatformprojects.readonly","https://www.googleapis.com/auth/firebase","https://www.googleapis.com/auth/cloud-platform"]
[debug] >>> HTTP REQUEST GET https://admin.firebase.com/v1/projects/cannyio-clone  
 Wed Mar 15 2017 02:51:35 GMT+0300 (Turkey Standard Time)
[debug] <<< HTTP RESPONSE 200
[debug] >>> HTTP REQUEST GET https://admin.firebase.com/v1/database/cannyio-clone/tokens  
 Wed Mar 15 2017 02:51:36 GMT+0300 (Turkey Standard Time)
[debug] <<< HTTP RESPONSE 200
[info] 
[info] === Deploying to 'cannyio-clone'...
[info] 
[info] i  deploying database, functions, hosting
[info] +  database: rules ready to deploy.
[debug] > [functions] package.json contents: {
  "name": "functions",
  "description": "Cloud Functions for Firebase",
  "dependencies": {
    "firebase-admin": "^4.1.2",
    "firebase-functions": "^0.5"
  },
  "private": true
}
[info] i  functions: ensuring necessary APIs are enabled...
[info] i  runtimeconfig: ensuring necessary APIs are enabled...
[debug] >>> HTTP REQUEST GET https://servicemanagement.googleapis.com/v1/services/cloudfunctions.googleapis.com/projectSettings/cannyio-clone?view=CONSUMER_VIEW  
 Wed Mar 15 2017 02:51:39 GMT+0300 (Turkey Standard Time)
[debug] >>> HTTP REQUEST GET https://servicemanagement.googleapis.com/v1/services/runtimeconfig.googleapis.com/projectSettings/cannyio-clone?view=CONSUMER_VIEW  
 Wed Mar 15 2017 02:51:39 GMT+0300 (Turkey Standard Time)
[debug] <<< HTTP RESPONSE 200
[info] +  runtimeconfig: all necessary APIs are enabled
[debug] <<< HTTP RESPONSE 200
[info] +  functions: all necessary APIs are enabled
[debug] >>> HTTP REQUEST GET https://appengine.googleapis.com/v1/apps/cannyio-clone  
 Wed Mar 15 2017 02:51:40 GMT+0300 (Turkey Standard Time)
[debug] >>> HTTP REQUEST GET https://apikeys.googleapis.com/v1/projects/cannyio-clone/apiKeys  
 Wed Mar 15 2017 02:51:40 GMT+0300 (Turkey Standard Time)
[debug] <<< HTTP RESPONSE 200
[debug] <<< HTTP RESPONSE 200
[info] i  functions: preparing functions directory for uploading...
[debug] >>> HTTP REQUEST GET https://runtimeconfig.googleapis.com/v1beta1/projects/cannyio-clone/configs  
 Wed Mar 15 2017 02:52:08 GMT+0300 (Turkey Standard Time)
[debug] <<< HTTP RESPONSE 200
[debug] > [functions] runtime config materialized as: {
  "firebase": {
    "databaseURL": "https://cannyio-clone.firebaseio.com",
    "storageBucket": "cannyio-clone.appspot.com",
    "apiKey": "AIzaSyCK_fNTwA0VJ_PuN0tSl2RNVpPQT0jGc7c",
    "authDomain": "cannyio-clone.firebaseapp.com"
  }
}
[debug] > [functions] parsed triggers: []
[info] i  hosting: preparing dist directory for upload...
[debug] >>> HTTP REQUEST PUT https://deploy.firebase.com/v1/hosting/cannyio-clone/uploads/-KfEE0-PsW3YvE41zFQz?fileCount=9&message=  
 Wed Mar 15 2017 02:52:09 GMT+0300 (Turkey Standard Time)
[debug] <<< HTTP RESPONSE 200
[info] +  hosting: dist folder uploaded successfully
[info] +  hosting: 9 files uploaded successfully
[info] i  starting release process (may take several minutes)...
[debug] >>> HTTP REQUEST GET https://cloudfunctions.googleapis.com/v1beta2/projects/cannyio-clone/locations/us-central1/functions  
 Wed Mar 15 2017 02:52:13 GMT+0300 (Turkey Standard Time)
[debug] <<< HTTP RESPONSE 200
[debug] >>> HTTP REQUEST GET https://cloudfunctions.googleapis.com/v1beta2/projects/cannyio-clone/locations/us-central1/functions  
 Wed Mar 15 2017 02:52:14 GMT+0300 (Turkey Standard Time)
[debug] <<< HTTP RESPONSE 200
